Info: Generated random seed: 8762548169470439006
Info: constrained 'clk_100p0' to bel 'X17/Y33/io0'
Info: constrained 'ICE_39' to bel 'X18/Y33/io1'
Info: constrained 'ICE_40' to bel 'X13/Y33/io0'
Info: constrained 'ICE_41' to bel 'X11/Y33/io0'
Info: constrained 'ICE_25' to bel 'X0/Y14/io0'
Info: constrained 'ICE_27' to bel 'X0/Y13/io1'
Info: constrained 'ICE_45' to bel 'X10/Y33/io1'
Info: constrained 'ICE_47' to bel 'X7/Y33/io1'
Info: constrained 'ICE_2' to bel 'X3/Y33/io0'
Info: constrained 'ICE_4' to bel 'X4/Y33/io1'
Info: constrained 'ICE_44' to bel 'X9/Y33/io0'
Info: constrained 'ICE_46' to bel 'X8/Y33/io0'
Info: constrained 'ICE_48' to bel 'X6/Y33/io1'
Info: constrained 'ICE_3' to bel 'X5/Y33/io1'
Info: constrained 'ICE_31' to bel 'X31/Y33/io0'
Info: constrained 'ICE_34' to bel 'X30/Y33/io0'
Info: constrained 'ICE_38' to bel 'X24/Y33/io1'
Info: constrained 'ICE_43' to bel 'X22/Y33/io0'
Info: constrained 'ICE_36' to bel 'X23/Y33/io1'
Info: constrained 'ICE_42' to bel 'X24/Y33/io0'

Info: Packing constants..
Info: Packing IOs..
Info: Packing LUT-FFs..
Info:      441 LCs used as LUT4 only
Info:      178 LCs used as LUT4 and DFF
Info: Packing non-LUT FFs..
Info:       58 LCs used as DFF only
Info: Packing carries..
Info:      354 LCs used as CARRY only
Info: Packing indirect carry+LUT pairs...
Info:       95 LUTs merged into carry LCs
Info: Packing RAMs..
Info: Placing PLLs..
Info:   constrained PLL 'pll_inst.uut' to X16/Y0/pll_3
Info: Packing special functions..
Info: Packing PLLs..
Info:   PLL 'pll_inst.uut' has LOCK output, need to pass all outputs via LUT
Info:   LUT strategy for LOCK: move all users to new LUT
Info:   constrained 'pll_inst.uut_PLL$nextpnr_LOCK_lut_through' to X1/Y1/lc0
Info: Promoting globals..
Info: promoting pll_clk (fanout 236)
Info: promoting ICE_2_SB_DFFSS_Q_S_SB_LUT4_O_I2_SB_LUT4_O_I3_SB_CARRY_CO_I1_SB_CARRY_I1_CO_SB_LUT4_I2_O_SB_LUT4_I1_1_O_SB_LUT4_I2_O[1] [reset] (fanout 72)
Info: promoting pipelinec_inst.pong_vga_datapath_0clk_79f6ca61.uart_rx_to_buttons_pong_top_c_l58_c29_82b0.bin_op_plus_pong_top_c_l21_c3_e663.left_SB_DFFSR_Q_D_SB_CARRY_I0_CO_SB_LUT4_I3_O [reset] (fanout 32)
Info: promoting pipelinec_inst.uart_rx_mac_0clk_6e5ceb01.uart_rx_1b_uart_mac_c_l24_c33_61e6.bin_op_eq_uart_mac_h_l55_c6_3c3f.left_SB_DFFESS_Q_S [reset] (fanout 18)
Info: promoting ICE_2_SB_DFFSS_Q_S_SB_LUT4_O_I2_SB_LUT4_O_I3_SB_CARRY_CO_I1_SB_CARRY_I1_CO_SB_LUT4_I2_O_SB_LUT4_I3_O [cen] (fanout 25)
Info: promoting ICE_2_SB_DFFSS_Q_S_SB_LUT4_O_I2_SB_LUT4_O_I3_SB_CARRY_CO_I1_SB_CARRY_I1_CO_SB_LUT4_I2_O_SB_LUT4_I1_O [cen] (fanout 24)
Info: promoting pipelinec_inst.uart_rx_mac_0clk_6e5ceb01.uart_rx_1b_uart_mac_c_l24_c33_61e6.o_bit_stream_mux_uart_mac_h_l85_c5_973e.iftrue.data_SB_LUT4_I2_O[0] [cen] (fanout 16)
Info: Constraining chains...
Info:       60 LCs used to legalise carry chains.
Info: Checksum: 0x50b2efb3

Info: Device utilisation:
Info: 	         ICESTORM_LC:     999/   7680    13%
Info: 	        ICESTORM_RAM:       0/     32     0%
Info: 	               SB_IO:      20/    256     7%
Info: 	               SB_GB:       7/      8    87%
Info: 	        ICESTORM_PLL:       1/      2    50%
Info: 	         SB_WARMBOOT:       0/      1     0%

Info: Placed 22 cells based on constraints.
Info: Creating initial analytic placement for 360 cells, random placement wirelen = 20818.
Info:     at initial placer iter 0, wirelen = 511
Info:     at initial placer iter 1, wirelen = 427
Info:     at initial placer iter 2, wirelen = 425
Info:     at initial placer iter 3, wirelen = 442
Info: Running main analytical placer, max placement attempts per cell = 131841.
Info:     at iteration #1, type ALL: wirelen solved = 417, spread = 3617, legal = 4045; time = 0.03s
Info:     at iteration #2, type ALL: wirelen solved = 512, spread = 3108, legal = 3798; time = 0.04s
Info:     at iteration #3, type ALL: wirelen solved = 603, spread = 3293, legal = 3805; time = 0.03s
Info:     at iteration #4, type ALL: wirelen solved = 558, spread = 3797, legal = 4147; time = 0.03s
Info:     at iteration #5, type ALL: wirelen solved = 624, spread = 3632, legal = 4043; time = 0.03s
Info:     at iteration #6, type ALL: wirelen solved = 675, spread = 2852, legal = 3387; time = 0.03s
Info:     at iteration #7, type ALL: wirelen solved = 702, spread = 2843, legal = 3507; time = 0.03s
Info:     at iteration #8, type ALL: wirelen solved = 897, spread = 2942, legal = 3708; time = 0.03s
Info:     at iteration #9, type ALL: wirelen solved = 962, spread = 2977, legal = 3701; time = 0.03s
Info:     at iteration #10, type ALL: wirelen solved = 1073, spread = 2981, legal = 3733; time = 0.03s
Info:     at iteration #11, type ALL: wirelen solved = 1115, spread = 2919, legal = 3626; time = 0.03s
Info: HeAP Placer Time: 0.48s
Info:   of which solving equations: 0.27s
Info:   of which spreading cells: 0.02s
Info:   of which strict legalisation: 0.07s

Info: Running simulated annealing placer for refinement.
Info:   at iteration #1: temp = 0.000000, timing cost = 170, wirelen = 3387
Info:   at iteration #5: temp = 0.000000, timing cost = 126, wirelen = 2789
Info:   at iteration #10: temp = 0.000000, timing cost = 113, wirelen = 2625
Info:   at iteration #15: temp = 0.000000, timing cost = 125, wirelen = 2511
Info:   at iteration #20: temp = 0.000000, timing cost = 127, wirelen = 2453
Info:   at iteration #23: temp = 0.000000, timing cost = 127, wirelen = 2445 
Info: SA placement time 1.27s

Info: Max frequency for clock 'pll_clk_$glb_clk': 60.30 MHz (PASS at 25.00 MHz)

Info: Max delay <async>                  -> posedge pll_clk_$glb_clk: 1.82 ns
Info: Max delay posedge pll_clk_$glb_clk -> <async>                 : 3.58 ns

Info: Slack histogram:
Info:  legend: * represents 2 endpoint(s)
Info:          + represents [1,2) endpoint(s)
Info: [ 23416,  24179) |******+
Info: [ 24179,  24942) |***************+
Info: [ 24942,  25705) |******** 
Info: [ 25705,  26468) |************************ 
Info: [ 26468,  27231) |**+
Info: [ 27231,  27994) |+
Info: [ 27994,  28757) |******** 
Info: [ 28757,  29520) |*+
Info: [ 29520,  30283) |****+
Info: [ 30283,  31046) |*****************+
Info: [ 31046,  31809) |******** 
Info: [ 31809,  32572) |************ 
Info: [ 32572,  33335) |*************+
Info: [ 33335,  34098) |******************+
Info: [ 34098,  34861) |*******+
Info: [ 34861,  35624) |*********+
Info: [ 35624,  36387) |******************+
Info: [ 36387,  37150) |******************************+
Info: [ 37150,  37913) |*********************************+
Info: [ 37913,  38676) |************************************************************ 
Info: Checksum: 0x49f0b1ec

Info: Routing..
Info: Setting up routing queue.
Info: Routing 3053 arcs.
Info:            |   (re-)routed arcs  |   delta    | remaining|       time spent     |
Info:    IterCnt |  w/ripup   wo/ripup |  w/r  wo/r |      arcs| batch(sec) total(sec)|
Info:       1000 |      130        747 |  130   747 |      2193|       0.36       0.36|
Info:       2000 |      203       1416 |   73   669 |      1278|       0.09       0.45|
Info:       3000 |      364       2110 |  161   694 |       460|       0.10       0.55|
Info:       3515 |      408       2576 |   44   466 |         0|       0.25       0.80|
Info: Routing complete.
Info: Router1 time 0.80s
Info: Checksum: 0xba0501e4

Info: Critical path report for clock 'pll_clk_$glb_clk' (posedge -> posedge):
Info:       type curr  total name
Info:   clk-to-q  0.54  0.54 Source pipelinec_inst.pong_vga_datapath_0clk_79f6ca61.render_state_machine_pong_top_c_l59_c19_d46a.next_state_func_pong_h_l274_c13_ad61_state_SB_DFFESR_Q_20_D_SB_LUT4_O_LC.O
Info:    routing  0.59  1.13 Net pipelinec_inst.pong_vga_datapath_0clk_79f6ca61.render_state_machine_pong_top_c_l59_c19_d46a.next_state_func_pong_h_l274_c13_ad61_state[0] (14,17) -> (13,18)
Info:                          Sink ICE_2_SB_DFFSS_Q_D_SB_LUT4_O_I2_SB_CARRY_CO_CI_SB_CARRY_CO_CI_SB_CARRY_CO_CI_SB_CARRY_CO_CI_SB_CARRY_CO_CI_SB_CARRY_CO_CI_SB_CARRY_CO_CI_SB_CARRY_CO_CI_SB_CARRY_CO_CI_SB_CARRY_CO_CI_SB_CARRY_CO_CI_SB_CARRY_CO$CARRY.I3
Info:                          Defined in:
Info:                               /home/devel/oss-cad-suite/lib/../share/yosys/ice40/cells_map.v:6.21-6.22
Info:      logic  0.31  1.44 Source ICE_2_SB_DFFSS_Q_D_SB_LUT4_O_I2_SB_CARRY_CO_CI_SB_CARRY_CO_CI_SB_CARRY_CO_CI_SB_CARRY_CO_CI_SB_CARRY_CO_CI_SB_CARRY_CO_CI_SB_CARRY_CO_CI_SB_CARRY_CO_CI_SB_CARRY_CO_CI_SB_CARRY_CO_CI_SB_CARRY_CO_CI_SB_CARRY_CO$CARRY.O
Info:    routing  1.49  2.93 Net ICE_2_SB_DFFSS_Q_D_SB_LUT4_O_I2_SB_CARRY_CO_CI_SB_CARRY_CO_CI_SB_CARRY_CO_CI_SB_CARRY_CO_CI_SB_CARRY_CO_CI_SB_CARRY_CO_CI_SB_CARRY_CO_CI_SB_CARRY_CO_CI_SB_CARRY_CO_CI_SB_CARRY_CO_CI_SB_CARRY_CO_CI_SB_CARRY_CO_I1 (13,18) -> (15,16)
Info:                          Sink $nextpnr_ICESTORM_LC_4.I1
Info:                          Defined in:
Info:                               /home/devel/oss-cad-suite/lib/../share/yosys/ice40/arith_map.v:62.5-70.4
Info:                               /home/devel/oss-cad-suite/lib/../share/yosys/ice40/abc9_model.v:8.8-8.10
Info:      logic  0.26  3.19 Source $nextpnr_ICESTORM_LC_4.COUT
Info:    routing  0.00  3.19 Net $nextpnr_ICESTORM_LC_4$O (15,16) -> (15,16)
Info:                          Sink ICE_2_SB_DFFSS_Q_S_SB_LUT4_O_I2_SB_LUT4_O_I3_SB_CARRY_CO_I1_SB_CARRY_I1_CO_SB_LUT4_I2_O_SB_LUT4_O_1_I2_SB_LUT4_O_1_I3_SB_LUT4_O_I3_SB_CARRY_CO_CI_SB_CARRY_CO_CI_SB_CARRY_CO_CI_SB_CARRY_CO_CI_SB_CARRY_CO_CI_SB_CARRY_CO_CI_SB_CARRY_CO_CI_SB_CARRY_CO_CI_SB_CARRY_CO$CARRY.CIN
Info:      logic  0.13  3.32 Source ICE_2_SB_DFFSS_Q_S_SB_LUT4_O_I2_SB_LUT4_O_I3_SB_CARRY_CO_I1_SB_CARRY_I1_CO_SB_LUT4_I2_O_SB_LUT4_O_1_I2_SB_LUT4_O_1_I3_SB_LUT4_O_I3_SB_CARRY_CO_CI_SB_CARRY_CO_CI_SB_CARRY_CO_CI_SB_CARRY_CO_CI_SB_CARRY_CO_CI_SB_CARRY_CO_CI_SB_CARRY_CO_CI_SB_CARRY_CO_CI_SB_CARRY_CO$CARRY.COUT
Info:    routing  0.00  3.32 Net ICE_2_SB_DFFSS_Q_S_SB_LUT4_O_I2_SB_LUT4_O_I3_SB_CARRY_CO_I1_SB_CARRY_I1_CO_SB_LUT4_I2_O_SB_LUT4_O_1_I2_SB_LUT4_O_1_I3_SB_LUT4_O_I3_SB_CARRY_CO_CI_SB_CARRY_CO_CI_SB_CARRY_CO_CI_SB_CARRY_CO_CI_SB_CARRY_CO_CI_SB_CARRY_CO_CI_SB_CARRY_CO_CI_SB_CARRY_CO_CI (15,16) -> (15,16)
Info:                          Sink ICE_2_SB_DFFSS_Q_S_SB_LUT4_O_I2_SB_LUT4_O_I3_SB_CARRY_CO_I1_SB_CARRY_I1_CO_SB_LUT4_I2_O_SB_LUT4_O_1_I2_SB_LUT4_O_1_I3_SB_LUT4_O_I3_SB_CARRY_CO_CI_SB_CARRY_CO_CI_SB_CARRY_CO_CI_SB_CARRY_CO_CI_SB_CARRY_CO_CI_SB_CARRY_CO_CI_SB_CARRY_CO_CI_SB_CARRY_CO$CARRY.CIN
Info:                          Defined in:
Info:                               /home/devel/oss-cad-suite/lib/../share/yosys/ice40/arith_map.v:62.5-70.4
Info:                               /home/devel/oss-cad-suite/lib/../share/yosys/ice40/abc9_model.v:4.9-4.11
Info:      logic  0.13  3.44 Source ICE_2_SB_DFFSS_Q_S_SB_LUT4_O_I2_SB_LUT4_O_I3_SB_CARRY_CO_I1_SB_CARRY_I1_CO_SB_LUT4_I2_O_SB_LUT4_O_1_I2_SB_LUT4_O_1_I3_SB_LUT4_O_I3_SB_CARRY_CO_CI_SB_CARRY_CO_CI_SB_CARRY_CO_CI_SB_CARRY_CO_CI_SB_CARRY_CO_CI_SB_CARRY_CO_CI_SB_CARRY_CO_CI_SB_CARRY_CO$CARRY.COUT
Info:    routing  0.00  3.44 Net ICE_2_SB_DFFSS_Q_S_SB_LUT4_O_I2_SB_LUT4_O_I3_SB_CARRY_CO_I1_SB_CARRY_I1_CO_SB_LUT4_I2_O_SB_LUT4_O_1_I2_SB_LUT4_O_1_I3_SB_LUT4_O_I3_SB_CARRY_CO_CI_SB_CARRY_CO_CI_SB_CARRY_CO_CI_SB_CARRY_CO_CI_SB_CARRY_CO_CI_SB_CARRY_CO_CI_SB_CARRY_CO_CI (15,16) -> (15,16)
Info:                          Sink ICE_2_SB_DFFSS_Q_S_SB_LUT4_O_I2_SB_LUT4_O_I3_SB_CARRY_CO_I1_SB_CARRY_I1_CO_SB_LUT4_I2_O_SB_LUT4_O_1_I2_SB_LUT4_O_1_I3_SB_LUT4_O_I3_SB_CARRY_CO_CI_SB_CARRY_CO_CI_SB_CARRY_CO_CI_SB_CARRY_CO_CI_SB_CARRY_CO_CI_SB_CARRY_CO_CI_SB_CARRY_CO$CARRY.CIN
Info:                          Defined in:
Info:                               /home/devel/oss-cad-suite/lib/../share/yosys/ice40/arith_map.v:62.5-70.4
Info:                               /home/devel/oss-cad-suite/lib/../share/yosys/ice40/abc9_model.v:4.9-4.11
Info:      logic  0.13  3.57 Source ICE_2_SB_DFFSS_Q_S_SB_LUT4_O_I2_SB_LUT4_O_I3_SB_CARRY_CO_I1_SB_CARRY_I1_CO_SB_LUT4_I2_O_SB_LUT4_O_1_I2_SB_LUT4_O_1_I3_SB_LUT4_O_I3_SB_CARRY_CO_CI_SB_CARRY_CO_CI_SB_CARRY_CO_CI_SB_CARRY_CO_CI_SB_CARRY_CO_CI_SB_CARRY_CO_CI_SB_CARRY_CO$CARRY.COUT
Info:    routing  0.00  3.57 Net ICE_2_SB_DFFSS_Q_S_SB_LUT4_O_I2_SB_LUT4_O_I3_SB_CARRY_CO_I1_SB_CARRY_I1_CO_SB_LUT4_I2_O_SB_LUT4_O_1_I2_SB_LUT4_O_1_I3_SB_LUT4_O_I3_SB_CARRY_CO_CI_SB_CARRY_CO_CI_SB_CARRY_CO_CI_SB_CARRY_CO_CI_SB_CARRY_CO_CI_SB_CARRY_CO_CI (15,16) -> (15,16)
Info:                          Sink ICE_2_SB_DFFSS_Q_S_SB_LUT4_O_I2_SB_LUT4_O_I3_SB_CARRY_CO_I1_SB_CARRY_I1_CO_SB_LUT4_I2_O_SB_LUT4_O_1_I2_SB_LUT4_O_1_I3_SB_LUT4_O_I3_SB_CARRY_CO_CI_SB_CARRY_CO_CI_SB_CARRY_CO_CI_SB_CARRY_CO_CI_SB_CARRY_CO_CI_SB_CARRY_CO$CARRY.CIN
Info:                          Defined in:
Info:                               /home/devel/oss-cad-suite/lib/../share/yosys/ice40/arith_map.v:62.5-70.4
Info:                               /home/devel/oss-cad-suite/lib/../share/yosys/ice40/abc9_model.v:4.9-4.11
Info:      logic  0.13  3.70 Source ICE_2_SB_DFFSS_Q_S_SB_LUT4_O_I2_SB_LUT4_O_I3_SB_CARRY_CO_I1_SB_CARRY_I1_CO_SB_LUT4_I2_O_SB_LUT4_O_1_I2_SB_LUT4_O_1_I3_SB_LUT4_O_I3_SB_CARRY_CO_CI_SB_CARRY_CO_CI_SB_CARRY_CO_CI_SB_CARRY_CO_CI_SB_CARRY_CO_CI_SB_CARRY_CO$CARRY.COUT
Info:    routing  0.00  3.70 Net ICE_2_SB_DFFSS_Q_S_SB_LUT4_O_I2_SB_LUT4_O_I3_SB_CARRY_CO_I1_SB_CARRY_I1_CO_SB_LUT4_I2_O_SB_LUT4_O_1_I2_SB_LUT4_O_1_I3_SB_LUT4_O_I3_SB_CARRY_CO_CI_SB_CARRY_CO_CI_SB_CARRY_CO_CI_SB_CARRY_CO_CI_SB_CARRY_CO_CI (15,16) -> (15,16)
Info:                          Sink ICE_2_SB_DFFSS_Q_S_SB_LUT4_O_I2_SB_LUT4_O_I3_SB_CARRY_CO_I1_SB_CARRY_I1_CO_SB_LUT4_I2_O_SB_LUT4_O_1_I2_SB_LUT4_O_1_I3_SB_LUT4_O_I3_SB_CARRY_CO_CI_SB_CARRY_CO_CI_SB_CARRY_CO_CI_SB_CARRY_CO_CI_SB_CARRY_CO$CARRY.CIN
Info:                          Defined in:
Info:                               /home/devel/oss-cad-suite/lib/../share/yosys/ice40/arith_map.v:62.5-70.4
Info:                               /home/devel/oss-cad-suite/lib/../share/yosys/ice40/abc9_model.v:4.9-4.11
Info:      logic  0.13  3.82 Source ICE_2_SB_DFFSS_Q_S_SB_LUT4_O_I2_SB_LUT4_O_I3_SB_CARRY_CO_I1_SB_CARRY_I1_CO_SB_LUT4_I2_O_SB_LUT4_O_1_I2_SB_LUT4_O_1_I3_SB_LUT4_O_I3_SB_CARRY_CO_CI_SB_CARRY_CO_CI_SB_CARRY_CO_CI_SB_CARRY_CO_CI_SB_CARRY_CO$CARRY.COUT
Info:    routing  0.00  3.82 Net ICE_2_SB_DFFSS_Q_S_SB_LUT4_O_I2_SB_LUT4_O_I3_SB_CARRY_CO_I1_SB_CARRY_I1_CO_SB_LUT4_I2_O_SB_LUT4_O_1_I2_SB_LUT4_O_1_I3_SB_LUT4_O_I3_SB_CARRY_CO_CI_SB_CARRY_CO_CI_SB_CARRY_CO_CI_SB_CARRY_CO_CI (15,16) -> (15,16)
Info:                          Sink ICE_2_SB_DFFSS_Q_S_SB_LUT4_O_I2_SB_LUT4_O_I3_SB_CARRY_CO_I1_SB_CARRY_I1_CO_SB_LUT4_I2_O_SB_LUT4_O_1_I2_SB_LUT4_O_1_I3_SB_LUT4_O_I3_SB_CARRY_CO_CI_SB_CARRY_CO_CI_SB_CARRY_CO_CI_SB_CARRY_CO$CARRY.CIN
Info:                          Defined in:
Info:                               /home/devel/oss-cad-suite/lib/../share/yosys/ice40/arith_map.v:62.5-70.4
Info:                               /home/devel/oss-cad-suite/lib/../share/yosys/ice40/abc9_model.v:4.9-4.11
Info:      logic  0.13  3.95 Source ICE_2_SB_DFFSS_Q_S_SB_LUT4_O_I2_SB_LUT4_O_I3_SB_CARRY_CO_I1_SB_CARRY_I1_CO_SB_LUT4_I2_O_SB_LUT4_O_1_I2_SB_LUT4_O_1_I3_SB_LUT4_O_I3_SB_CARRY_CO_CI_SB_CARRY_CO_CI_SB_CARRY_CO_CI_SB_CARRY_CO$CARRY.COUT
Info:    routing  0.00  3.95 Net ICE_2_SB_DFFSS_Q_S_SB_LUT4_O_I2_SB_LUT4_O_I3_SB_CARRY_CO_I1_SB_CARRY_I1_CO_SB_LUT4_I2_O_SB_LUT4_O_1_I2_SB_LUT4_O_1_I3_SB_LUT4_O_I3_SB_CARRY_CO_CI_SB_CARRY_CO_CI_SB_CARRY_CO_CI (15,16) -> (15,16)
Info:                          Sink ICE_2_SB_DFFSS_Q_S_SB_LUT4_O_I2_SB_LUT4_O_I3_SB_CARRY_CO_I1_SB_CARRY_I1_CO_SB_LUT4_I2_O_SB_LUT4_O_1_I2_SB_LUT4_O_1_I3_SB_LUT4_O_I3_SB_CARRY_CO_CI_SB_CARRY_CO_CI_SB_CARRY_CO$CARRY.CIN
Info:                          Defined in:
Info:                               /home/devel/oss-cad-suite/lib/../share/yosys/ice40/arith_map.v:62.5-70.4
Info:                               /home/devel/oss-cad-suite/lib/../share/yosys/ice40/abc9_model.v:4.9-4.11
Info:      logic  0.13  4.07 Source ICE_2_SB_DFFSS_Q_S_SB_LUT4_O_I2_SB_LUT4_O_I3_SB_CARRY_CO_I1_SB_CARRY_I1_CO_SB_LUT4_I2_O_SB_LUT4_O_1_I2_SB_LUT4_O_1_I3_SB_LUT4_O_I3_SB_CARRY_CO_CI_SB_CARRY_CO_CI_SB_CARRY_CO$CARRY.COUT
Info:    routing  0.20  4.27 Net ICE_2_SB_DFFSS_Q_S_SB_LUT4_O_I2_SB_LUT4_O_I3_SB_CARRY_CO_I1_SB_CARRY_I1_CO_SB_LUT4_I2_O_SB_LUT4_O_1_I2_SB_LUT4_O_1_I3_SB_LUT4_O_I3_SB_CARRY_CO_CI_SB_CARRY_CO_CI (15,16) -> (15,17)
Info:                          Sink ICE_2_SB_DFFSS_Q_S_SB_LUT4_O_I2_SB_LUT4_O_I3_SB_CARRY_CO_I1_SB_CARRY_I1_CO_SB_LUT4_I2_O_SB_LUT4_O_1_I2_SB_LUT4_O_1_I3_SB_LUT4_O_I3_SB_CARRY_CO_CI_SB_CARRY_CO$CARRY.CIN
Info:                          Defined in:
Info:                               /home/devel/oss-cad-suite/lib/../share/yosys/ice40/arith_map.v:62.5-70.4
Info:                               /home/devel/oss-cad-suite/lib/../share/yosys/ice40/abc9_model.v:4.9-4.11
Info:      logic  0.13  4.40 Source ICE_2_SB_DFFSS_Q_S_SB_LUT4_O_I2_SB_LUT4_O_I3_SB_CARRY_CO_I1_SB_CARRY_I1_CO_SB_LUT4_I2_O_SB_LUT4_O_1_I2_SB_LUT4_O_1_I3_SB_LUT4_O_I3_SB_CARRY_CO_CI_SB_CARRY_CO$CARRY.COUT
Info:    routing  0.00  4.40 Net ICE_2_SB_DFFSS_Q_S_SB_LUT4_O_I2_SB_LUT4_O_I3_SB_CARRY_CO_I1_SB_CARRY_I1_CO_SB_LUT4_I2_O_SB_LUT4_O_1_I2_SB_LUT4_O_1_I3_SB_LUT4_O_I3_SB_CARRY_CO_CI (15,17) -> (15,17)
Info:                          Sink ICE_2_SB_DFFSS_Q_S_SB_LUT4_O_I2_SB_LUT4_O_I3_SB_CARRY_CO_I1_SB_CARRY_I1_CO_SB_LUT4_I2_O_SB_LUT4_O_1_I2_SB_LUT4_O_1_I3_SB_LUT4_O_I3_SB_CARRY_CO$CARRY.CIN
Info:                          Defined in:
Info:                               /home/devel/oss-cad-suite/lib/../share/yosys/ice40/arith_map.v:62.5-70.4
Info:                               /home/devel/oss-cad-suite/lib/../share/yosys/ice40/abc9_model.v:4.9-4.11
Info:      logic  0.13  4.52 Source ICE_2_SB_DFFSS_Q_S_SB_LUT4_O_I2_SB_LUT4_O_I3_SB_CARRY_CO_I1_SB_CARRY_I1_CO_SB_LUT4_I2_O_SB_LUT4_O_1_I2_SB_LUT4_O_1_I3_SB_LUT4_O_I3_SB_CARRY_CO$CARRY.COUT
Info:    routing  0.26  4.78 Net ICE_2_SB_DFFSS_Q_S_SB_LUT4_O_I2_SB_LUT4_O_I3_SB_CARRY_CO_I1_SB_CARRY_I1_CO_SB_LUT4_I2_O_SB_LUT4_O_1_I2_SB_LUT4_O_1_I3_SB_LUT4_O_I2[3] (15,17) -> (15,17)
Info:                          Sink ICE_2_SB_DFFSS_Q_S_SB_LUT4_O_I2_SB_LUT4_O_I3_SB_CARRY_CO_I1_SB_CARRY_I1_CO_SB_LUT4_I2_O_SB_LUT4_O_1_I2_SB_LUT4_O_1_I3_SB_LUT4_O_LC.I3
Info:                          Defined in:
Info:                               /home/devel/oss-cad-suite/lib/../share/yosys/ice40/arith_map.v:62.5-70.4
Info:                               /home/devel/oss-cad-suite/lib/../share/yosys/ice40/abc9_model.v:4.9-4.11
Info:      logic  0.31  5.10 Source ICE_2_SB_DFFSS_Q_S_SB_LUT4_O_I2_SB_LUT4_O_I3_SB_CARRY_CO_I1_SB_CARRY_I1_CO_SB_LUT4_I2_O_SB_LUT4_O_1_I2_SB_LUT4_O_1_I3_SB_LUT4_O_LC.O
Info:    routing  1.64  6.74 Net ICE_2_SB_DFFSS_Q_S_SB_LUT4_O_I2_SB_LUT4_O_I3_SB_CARRY_CO_I1_SB_CARRY_I1_CO_SB_LUT4_I2_O_SB_LUT4_O_1_I2_SB_LUT4_O_1_I3[1] (15,17) -> (12,24)
Info:                          Sink ICE_2_SB_DFFSS_Q_S_SB_LUT4_O_I2_SB_LUT4_O_I3_SB_CARRY_CO_I1_SB_CARRY_I1_CO_SB_LUT4_I2_O_SB_LUT4_O_1_I2_SB_LUT4_O_1_LC.I3
Info:                          Defined in:
Info:                               /home/devel/oss-cad-suite/lib/../share/yosys/ice40/cells_map.v:6.21-6.22
Info:      logic  0.31  7.06 Source ICE_2_SB_DFFSS_Q_S_SB_LUT4_O_I2_SB_LUT4_O_I3_SB_CARRY_CO_I1_SB_CARRY_I1_CO_SB_LUT4_I2_O_SB_LUT4_O_1_I2_SB_LUT4_O_1_LC.O
Info:    routing  0.59  7.64 Net ICE_2_SB_DFFSS_Q_S_SB_LUT4_O_I2_SB_LUT4_O_I3_SB_CARRY_CO_I1_SB_CARRY_I1_CO_SB_LUT4_I2_O_SB_LUT4_O_1_I2[1] (12,24) -> (11,25)
Info:                          Sink ICE_2_SB_DFFSS_Q_S_SB_LUT4_O_I2_SB_LUT4_O_I3_SB_CARRY_CO_I1_SB_CARRY_I1_CO_SB_LUT4_I2_O_SB_LUT4_O_1_LC.I3
Info:                          Defined in:
Info:                               /home/devel/oss-cad-suite/lib/../share/yosys/ice40/cells_map.v:6.21-6.22
Info:      logic  0.31  7.96 Source ICE_2_SB_DFFSS_Q_S_SB_LUT4_O_I2_SB_LUT4_O_I3_SB_CARRY_CO_I1_SB_CARRY_I1_CO_SB_LUT4_I2_O_SB_LUT4_O_1_LC.O
Info:    routing  0.59  8.55 Net ICE_2_SB_DFFSS_Q_S_SB_LUT4_O_I2_SB_LUT4_O_I3_SB_CARRY_CO_I1_SB_CARRY_I1_CO_SB_LUT4_I2_O[3] (11,25) -> (10,24)
Info:                          Sink ICE_2_SB_DFFSS_Q_S_SB_LUT4_O_I2_SB_LUT4_O_I3_SB_CARRY_CO_I1_SB_CARRY_I1_CO_SB_LUT4_I2_O_SB_LUT4_I1_1_LC.I3
Info:                          Defined in:
Info:                               /home/devel/oss-cad-suite/lib/../share/yosys/ice40/cells_map.v:6.21-6.22
Info:      logic  0.31  8.86 Source ICE_2_SB_DFFSS_Q_S_SB_LUT4_O_I2_SB_LUT4_O_I3_SB_CARRY_CO_I1_SB_CARRY_I1_CO_SB_LUT4_I2_O_SB_LUT4_I1_1_LC.O
Info:    routing  0.59  9.45 Net ICE_2_SB_DFFSS_Q_S_SB_LUT4_O_I2_SB_LUT4_O_I3_SB_CARRY_CO_I1_SB_CARRY_I1_CO_SB_LUT4_I2_O_SB_LUT4_I1_1_O[1] (10,24) -> (10,25)
Info:                          Sink ICE_2_SB_DFFSS_Q_S_SB_LUT4_O_I2_SB_LUT4_O_I3_SB_CARRY_CO_I1_SB_CARRY_I1_CO_SB_LUT4_I2_O_SB_LUT4_I1_1_O_SB_LUT4_I2_LC.I3
Info:                          Defined in:
Info:                               /home/devel/oss-cad-suite/lib/../share/yosys/ice40/cells_map.v:6.21-6.22
Info:      logic  0.31  9.77 Source ICE_2_SB_DFFSS_Q_S_SB_LUT4_O_I2_SB_LUT4_O_I3_SB_CARRY_CO_I1_SB_CARRY_I1_CO_SB_LUT4_I2_O_SB_LUT4_I1_1_O_SB_LUT4_I2_LC.O
Info:    routing  1.59  11.35 Net ICE_2_SB_DFFSS_Q_S_SB_LUT4_O_I2_SB_LUT4_O_I3_SB_CARRY_CO_I1_SB_CARRY_I1_CO_SB_LUT4_I2_O_SB_LUT4_I1_1_O_SB_LUT4_I2_O[1] (10,25) -> (5,24)
Info:                          Sink pipelinec_inst.pong_vga_datapath_0clk_79f6ca61.render_state_machine_pong_top_c_l59_c19_d46a.next_state_func_pong_h_l274_c13_ad61_state_SB_DFFESR_Q_21_D_SB_LUT4_O_I2_SB_LUT4_I3_O_SB_LUT4_I2_O_SB_LUT4_I0_LC.I3
Info:                          Defined in:
Info:                               /home/devel/oss-cad-suite/lib/../share/yosys/ice40/cells_map.v:6.21-6.22
Info:      logic  0.31  11.67 Source pipelinec_inst.pong_vga_datapath_0clk_79f6ca61.render_state_machine_pong_top_c_l59_c19_d46a.next_state_func_pong_h_l274_c13_ad61_state_SB_DFFESR_Q_21_D_SB_LUT4_O_I2_SB_LUT4_I3_O_SB_LUT4_I2_O_SB_LUT4_I0_LC.O
Info:    routing  1.93  13.60 Net pipelinec_inst.pong_vga_datapath_0clk_79f6ca61.render_state_machine_pong_top_c_l59_c19_d46a.next_state_func_pong_h_l274_c13_ad61_state_SB_DFFESR_Q_21_D_SB_LUT4_O_I2_SB_LUT4_I3_O_SB_LUT4_I2_O_SB_LUT4_I0_O (5,24) -> (10,21)
Info:                          Sink pipelinec_inst.pong_vga_datapath_0clk_79f6ca61.render_state_machine_pong_top_c_l59_c19_d46a.next_state_func_pong_h_l274_c13_ad61.move_paddle_pong_h_l243_c33_45de.bin_op_gte_pong_h_l136_c8_ad5d.rv_mux_bin_op_gte_uint12_t_uint2_t_c_l15_c3_b892.iftrue_SB_DFFESS_Q_DFFLC.CEN
Info:      setup  0.10  13.70 Source pipelinec_inst.pong_vga_datapath_0clk_79f6ca61.render_state_machine_pong_top_c_l59_c19_d46a.next_state_func_pong_h_l274_c13_ad61.move_paddle_pong_h_l243_c33_45de.bin_op_gte_pong_h_l136_c8_ad5d.rv_mux_bin_op_gte_uint12_t_uint2_t_c_l15_c3_b892.iftrue_SB_DFFESS_Q_DFFLC.CEN
Info: 4.24 ns logic, 9.47 ns routing

Info: Critical path report for cross-domain path '<async>' -> 'posedge pll_clk_$glb_clk':
Info:       type curr  total name
Info:     source  0.00  0.00 Source ICE_27$sb_io.D_IN_0
Info:    routing  1.28  1.28 Net ICE_27$SB_IO_IN (0,13) -> (5,13)
Info:                          Sink pipelinec_inst.uart_rx_mac_0clk_6e5ceb01.uart_rx_1b_uart_mac_c_l24_c33_61e6.o_bit_stream_mux_uart_mac_h_l85_c5_973e.iftrue.data_SB_DFF_Q_DFFLC.I0
Info:                          Defined in:
Info:                               top.sv:9.9-9.15
Info:      setup  0.47  1.75 Source pipelinec_inst.uart_rx_mac_0clk_6e5ceb01.uart_rx_1b_uart_mac_c_l24_c33_61e6.o_bit_stream_mux_uart_mac_h_l85_c5_973e.iftrue.data_SB_DFF_Q_DFFLC.I0
Info: 0.47 ns logic, 1.28 ns routing

Info: Critical path report for cross-domain path 'posedge pll_clk_$glb_clk' -> '<async>':
Info:       type curr  total name
Info:   clk-to-q  0.54  0.54 Source ICE_2_SB_DFFSS_Q_D_SB_LUT4_O_LC.O
Info:    routing  3.23  3.77 Net ICE_48$SB_IO_OUT (12,22) -> (31,33)
Info:                          Sink ICE_31$sb_io.D_OUT_0
Info:                          Defined in:
Info:                               top.sv:19.10-19.16
Info: 0.54 ns logic, 3.23 ns routing

Info: Max frequency for clock 'pll_clk_$glb_clk': 72.98 MHz (PASS at 25.00 MHz)

Info: Max delay <async>                  -> posedge pll_clk_$glb_clk: 1.75 ns
Info: Max delay posedge pll_clk_$glb_clk -> <async>                 : 3.77 ns

Info: Slack histogram:
Info:  legend: * represents 2 endpoint(s)
Info:          + represents [1,2) endpoint(s)
Info: [ 26297,  26910) |******************+
Info: [ 26910,  27523) |***************************************** 
Info: [ 27523,  28136) |********************************+
Info: [ 28136,  28749) |**** 
Info: [ 28749,  29362) |** 
Info: [ 29362,  29975) |** 
Info: [ 29975,  30588) |************** 
Info: [ 30588,  31201) |****** 
Info: [ 31201,  31814) |*********+
Info: [ 31814,  32427) |********** 
Info: [ 32427,  33040) |**************+
Info: [ 33040,  33653) |******************+
Info: [ 33653,  34266) |***************+
Info: [ 34266,  34879) |********************* 
Info: [ 34879,  35492) |************** 
Info: [ 35492,  36105) |************************+
Info: [ 36105,  36718) |**********************+
Info: [ 36718,  37331) |********************************+
Info: [ 37331,  37944) |**************************************************** 
Info: [ 37944,  38557) |************************************************************ 

Info: Program finished normally.
