BIN_OP_AND_uint1_t_uint1_t MaxInputWidth= 1 num_instances= 14 :
BIN_OP_AND_uint1_t_uint1_t main: rmii_rx_mac_instance MaxInputWidth= 1 num_instances= 2 :
rmii_rx_mac_instance/rmii_rx_mac[rmii_eth_mac_c_l24_c27_0c24]/BIN_OP_AND[rmii_eth_mac_h_l44_c28_c953]
rmii_rx_mac_instance/rmii_rx_mac[rmii_eth_mac_c_l24_c27_0c24]/BIN_OP_AND[rmii_eth_mac_h_l45_c23_d908]
BIN_OP_AND_uint1_t_uint1_t main: rmii_tx_mac_instance MaxInputWidth= 1 num_instances= 2 :
rmii_tx_mac_instance/rmii_tx_mac[rmii_eth_mac_c_l58_c27_0fe6]/BIN_OP_AND[rmii_eth_mac_h_l201_c38_69a2]
rmii_tx_mac_instance/rmii_tx_mac[rmii_eth_mac_c_l58_c27_0fe6]/BIN_OP_AND[rmii_eth_mac_h_l258_c28_e631]
BIN_OP_AND_uint1_t_uint1_t main: rx_main MaxInputWidth= 1 num_instances= 5 :
rx_main/BIN_OP_AND[ethernet_top_c_l111_c30_0d0d]
rx_main/BIN_OP_AND[ethernet_top_c_l121_c29_0159]
rx_main/BIN_OP_AND[ethernet_top_c_l121_c29_44c6]
rx_main/BIN_OP_AND[ethernet_top_c_l142_c36_3bf1]
rx_main/eth_8_rx[ethernet_top_c_l115_c23_a9b0]/BIN_OP_AND[eth_8_h_l89_c18_be29]
BIN_OP_AND_uint1_t_uint1_t main: tx_main MaxInputWidth= 1 num_instances= 5 :
tx_main/BIN_OP_AND[ethernet_top_c_l172_c17_2ea8]
tx_main/BIN_OP_AND[ethernet_top_c_l180_c29_3168]
tx_main/BIN_OP_AND[ethernet_top_c_l189_c37_5c09]
tx_main/eth_8_tx[ethernet_top_c_l176_c23_cc67]/BIN_OP_AND[eth_8_h_l179_c8_12dd]
tx_main/eth_8_tx[ethernet_top_c_l176_c23_cc67]/BIN_OP_AND[eth_8_h_l199_c8_5593]

BIN_OP_AND_uint32_t_uint8_t MaxInputWidth= 32 num_instances= 2 :
BIN_OP_AND_uint32_t_uint8_t main: rmii_tx_mac_instance MaxInputWidth= 32 num_instances= 2 :
rmii_tx_mac_instance/rmii_tx_mac[rmii_eth_mac_c_l58_c27_0fe6]/BIN_OP_AND[rmii_eth_mac_h_l251_c35_47ac]
rmii_tx_mac_instance/rmii_tx_mac[rmii_eth_mac_c_l58_c27_0fe6]/BIN_OP_AND[rmii_eth_mac_h_l252_c35_048a]

BIN_OP_EQ_uint2_t_uint2_t MaxInputWidth= 2 num_instances= 7 :
BIN_OP_EQ_uint2_t_uint2_t main: rmii_rx_mac_instance MaxInputWidth= 2 num_instances= 7 :
rmii_rx_mac_instance/rmii_rx_mac[rmii_eth_mac_c_l24_c27_0c24]/BIN_OP_EQ[rmii_eth_mac_h_l44_c53_0781]
rmii_rx_mac_instance/rmii_rx_mac[rmii_eth_mac_c_l24_c27_0c24]/BIN_OP_EQ[rmii_eth_mac_h_l45_c48_9375]
rmii_rx_mac_instance/rmii_rx_mac[rmii_eth_mac_c_l24_c27_0c24]/BIN_OP_EQ[rmii_eth_mac_h_l48_c6_ecb1]
rmii_rx_mac_instance/rmii_rx_mac[rmii_eth_mac_c_l24_c27_0c24]/BIN_OP_EQ[rmii_eth_mac_h_l59_c11_295d]
rmii_rx_mac_instance/rmii_rx_mac[rmii_eth_mac_c_l24_c27_0c24]/BIN_OP_EQ[rmii_eth_mac_h_l71_c11_be8d]
rmii_rx_mac_instance/rmii_rx_mac[rmii_eth_mac_c_l24_c27_0c24]/BIN_OP_EQ[rmii_eth_mac_h_l93_c11_1431]
rmii_rx_mac_instance/rmii_rx_mac[rmii_eth_mac_c_l24_c27_0c24]/BIN_OP_EQ[rmii_eth_mac_h_l99_c10_89b1]

BIN_OP_EQ_uint3_t_uint1_t MaxInputWidth= 3 num_instances= 2 :
BIN_OP_EQ_uint3_t_uint1_t main: rx_main MaxInputWidth= 3 num_instances= 2 :
rx_main/eth_8_rx[ethernet_top_c_l115_c23_a9b0]/BIN_OP_EQ[eth_8_h_l74_c10_c903]
rx_main/eth_8_rx[ethernet_top_c_l115_c23_a9b0]/BIN_OP_EQ[eth_8_h_l86_c37_d324]

BIN_OP_EQ_uint3_t_uint3_t MaxInputWidth= 3 num_instances= 17 :
BIN_OP_EQ_uint3_t_uint3_t main: rmii_rx_mac_instance MaxInputWidth= 3 num_instances= 1 :
rmii_rx_mac_instance/rmii_rx_mac[rmii_eth_mac_c_l24_c27_0c24]/BIN_OP_EQ[rmii_eth_mac_h_l43_c22_9364]
BIN_OP_EQ_uint3_t_uint3_t main: rmii_tx_mac_instance MaxInputWidth= 3 num_instances= 5 :
rmii_tx_mac_instance/rmii_tx_mac[rmii_eth_mac_c_l58_c27_0fe6]/BIN_OP_EQ[rmii_eth_mac_h_l167_c6_e479]
rmii_tx_mac_instance/rmii_tx_mac[rmii_eth_mac_c_l58_c27_0fe6]/BIN_OP_EQ[rmii_eth_mac_h_l173_c11_f855]
rmii_tx_mac_instance/rmii_tx_mac[rmii_eth_mac_c_l58_c27_0fe6]/BIN_OP_EQ[rmii_eth_mac_h_l184_c11_f463]
rmii_tx_mac_instance/rmii_tx_mac[rmii_eth_mac_c_l58_c27_0fe6]/BIN_OP_EQ[rmii_eth_mac_h_l194_c11_145e]
rmii_tx_mac_instance/rmii_tx_mac[rmii_eth_mac_c_l58_c27_0fe6]/BIN_OP_EQ[rmii_eth_mac_h_l221_c11_9632]
BIN_OP_EQ_uint3_t_uint3_t main: rx_main MaxInputWidth= 3 num_instances= 6 :
rx_main/eth_8_rx[ethernet_top_c_l115_c23_a9b0]/BIN_OP_EQ[eth_8_h_l51_c6_3ab7]
rx_main/eth_8_rx[ethernet_top_c_l115_c23_a9b0]/BIN_OP_EQ[eth_8_h_l54_c10_d6a0]
rx_main/eth_8_rx[ethernet_top_c_l115_c23_a9b0]/BIN_OP_EQ[eth_8_h_l61_c12_529a]
rx_main/eth_8_rx[ethernet_top_c_l115_c23_a9b0]/BIN_OP_EQ[eth_8_h_l64_c10_3bbf]
rx_main/eth_8_rx[ethernet_top_c_l115_c23_a9b0]/BIN_OP_EQ[eth_8_h_l71_c12_b991]
rx_main/eth_8_rx[ethernet_top_c_l115_c23_a9b0]/BIN_OP_EQ[eth_8_h_l83_c11_9324]
BIN_OP_EQ_uint3_t_uint3_t main: tx_main MaxInputWidth= 3 num_instances= 5 :
tx_main/eth_8_tx[ethernet_top_c_l176_c23_cc67]/BIN_OP_EQ[eth_8_h_l128_c6_e94c]
tx_main/eth_8_tx[ethernet_top_c_l176_c23_cc67]/BIN_OP_EQ[eth_8_h_l146_c12_e78f]
tx_main/eth_8_tx[ethernet_top_c_l176_c23_cc67]/BIN_OP_EQ[eth_8_h_l158_c12_005d]
tx_main/eth_8_tx[ethernet_top_c_l176_c23_cc67]/BIN_OP_EQ[eth_8_h_l172_c11_e9d0]
tx_main/eth_8_tx[ethernet_top_c_l176_c23_cc67]/BIN_OP_EQ[eth_8_h_l195_c11_5875]

BIN_OP_EQ_uint48_t_uint48_t MaxInputWidth= 48 num_instances= 1 :
BIN_OP_EQ_uint48_t_uint48_t main: rx_main MaxInputWidth= 48 num_instances= 1 :
rx_main/BIN_OP_EQ[ethernet_top_c_l118_c23_80f1]

BIN_OP_EQ_uint6_t_uint1_t MaxInputWidth= 6 num_instances= 2 :
BIN_OP_EQ_uint6_t_uint1_t main: tx_main MaxInputWidth= 6 num_instances= 2 :
tx_main/eth_8_tx[ethernet_top_c_l176_c23_cc67]/BIN_OP_EQ[eth_8_h_l131_c10_188b]
tx_main/eth_8_tx[ethernet_top_c_l176_c23_cc67]/BIN_OP_EQ[eth_8_h_l163_c10_c49b]

BIN_OP_EQ_uint6_t_uint3_t MaxInputWidth= 6 num_instances= 3 :
BIN_OP_EQ_uint6_t_uint3_t main: rmii_tx_mac_instance MaxInputWidth= 6 num_instances= 1 :
rmii_tx_mac_instance/rmii_tx_mac[rmii_eth_mac_c_l58_c27_0fe6]/BIN_OP_EQ[rmii_eth_mac_h_l160_c32_22f4]
BIN_OP_EQ_uint6_t_uint3_t main: tx_main MaxInputWidth= 6 num_instances= 2 :
tx_main/eth_8_tx[ethernet_top_c_l176_c23_cc67]/BIN_OP_EQ[eth_8_h_l138_c12_aad1]
tx_main/eth_8_tx[ethernet_top_c_l176_c23_cc67]/BIN_OP_EQ[eth_8_h_l151_c10_5ef8]

BIN_OP_EQ_uint6_t_uint5_t MaxInputWidth= 6 num_instances= 1 :
BIN_OP_EQ_uint6_t_uint5_t main: rmii_tx_mac_instance MaxInputWidth= 6 num_instances= 1 :
rmii_tx_mac_instance/rmii_tx_mac[rmii_eth_mac_c_l58_c27_0fe6]/BIN_OP_EQ[rmii_eth_mac_h_l159_c26_52ca]

BIN_OP_EQ_uint6_t_uint6_t MaxInputWidth= 6 num_instances= 1 :
BIN_OP_EQ_uint6_t_uint6_t main: rmii_tx_mac_instance MaxInputWidth= 6 num_instances= 1 :
rmii_tx_mac_instance/rmii_tx_mac[rmii_eth_mac_c_l58_c27_0fe6]/BIN_OP_EQ[rmii_eth_mac_h_l158_c31_8b5e]

BIN_OP_LT_uint6_t_uint6_t MaxInputWidth= 6 num_instances= 1 :
BIN_OP_LT_uint6_t_uint6_t main: tx_main MaxInputWidth= 6 num_instances= 1 :
tx_main/eth_8_tx[ethernet_top_c_l176_c23_cc67]/BIN_OP_LT[eth_8_h_l124_c32_05a2]

BIN_OP_OR_uint1_t_uint1_t MaxInputWidth= 1 num_instances= 2 :
BIN_OP_OR_uint1_t_uint1_t main: rmii_eth_mac_rx_fifo_wr_skid_in MaxInputWidth= 1 num_instances= 1 :
rmii_eth_mac_rx_fifo_wr_skid_in/skid_buf_rmii_eth_mac_rx_fifo[rmii_eth_mac_c_l9_c81_4ef4]/BIN_OP_OR[rmii_eth_mac_c_l9_c949_f243]
BIN_OP_OR_uint1_t_uint1_t main: rmii_eth_mac_tx_fifo_rd_skid_out MaxInputWidth= 1 num_instances= 1 :
rmii_eth_mac_tx_fifo_rd_skid_out/skid_buf_rmii_eth_mac_tx_fifo[rmii_eth_mac_c_l14_c82_b0ce]/BIN_OP_OR[rmii_eth_mac_c_l14_c949_b12e]

BIN_OP_PLUS_uint25_t_uint1_t MaxInputWidth= 25 num_instances= 1 :
BIN_OP_PLUS_uint25_t_uint1_t main: blinky_main MaxInputWidth= 25 num_instances= 1 :
blinky_main/BIN_OP_PLUS[ethernet_top_c_l212_c3_663a]

BIN_OP_PLUS_uint2_t_uint1_t MaxInputWidth= 2 num_instances= 1 :
BIN_OP_PLUS_uint2_t_uint1_t main: rmii_rx_mac_instance MaxInputWidth= 2 num_instances= 1 :
rmii_rx_mac_instance/rmii_rx_mac[rmii_eth_mac_c_l24_c27_0c24]/BIN_OP_PLUS[rmii_eth_mac_h_l103_c9_4515]

BIN_OP_PLUS_uint3_t_uint1_t MaxInputWidth= 3 num_instances= 4 :
BIN_OP_PLUS_uint3_t_uint1_t main: rx_main MaxInputWidth= 3 num_instances= 4 :
rx_main/eth_8_rx[ethernet_top_c_l115_c23_a9b0]/BIN_OP_PLUS[eth_8_h_l58_c9_d75a]
rx_main/eth_8_rx[ethernet_top_c_l115_c23_a9b0]/BIN_OP_PLUS[eth_8_h_l68_c9_7f42]
rx_main/eth_8_rx[ethernet_top_c_l115_c23_a9b0]/BIN_OP_PLUS[eth_8_h_l78_c9_283e]
rx_main/eth_8_rx[ethernet_top_c_l115_c23_a9b0]/BIN_OP_PLUS[eth_8_h_l92_c9_1f63]

BIN_OP_PLUS_uint3_t_uint2_t MaxInputWidth= 3 num_instances= 2 :
BIN_OP_PLUS_uint3_t_uint2_t main: rmii_rx_mac_instance MaxInputWidth= 3 num_instances= 2 :
rmii_rx_mac_instance/rmii_rx_mac[rmii_eth_mac_c_l24_c27_0c24]/BIN_OP_PLUS[rmii_eth_mac_h_l108_c7_5a10]
rmii_rx_mac_instance/rmii_rx_mac[rmii_eth_mac_c_l24_c27_0c24]/BIN_OP_PLUS[rmii_eth_mac_h_l89_c9_1093]

BIN_OP_PLUS_uint6_t_uint1_t MaxInputWidth= 6 num_instances= 5 :
BIN_OP_PLUS_uint6_t_uint1_t main: tx_main MaxInputWidth= 6 num_instances= 5 :
tx_main/eth_8_tx[ethernet_top_c_l176_c23_cc67]/BIN_OP_PLUS[eth_8_h_l142_c11_859a]
tx_main/eth_8_tx[ethernet_top_c_l176_c23_cc67]/BIN_OP_PLUS[eth_8_h_l155_c9_6a55]
tx_main/eth_8_tx[ethernet_top_c_l176_c23_cc67]/BIN_OP_PLUS[eth_8_h_l167_c9_3866]
tx_main/eth_8_tx[ethernet_top_c_l176_c23_cc67]/BIN_OP_PLUS[eth_8_h_l190_c9_3121]
tx_main/eth_8_tx[ethernet_top_c_l176_c23_cc67]/BIN_OP_PLUS[eth_8_h_l200_c7_5fae]

BIN_OP_PLUS_uint6_t_uint2_t MaxInputWidth= 6 num_instances= 1 :
BIN_OP_PLUS_uint6_t_uint2_t main: rmii_tx_mac_instance MaxInputWidth= 6 num_instances= 1 :
rmii_tx_mac_instance/rmii_tx_mac[rmii_eth_mac_c_l58_c27_0fe6]/BIN_OP_PLUS_uint6_t_uint2_t_rmii_eth_mac_h_l232_l217_l181_DUPLICATE_76a4

BIN_OP_XOR_uint32_t_uint32_t MaxInputWidth= 32 num_instances= 2 :
BIN_OP_XOR_uint32_t_uint32_t main: rmii_tx_mac_instance MaxInputWidth= 32 num_instances= 2 :
rmii_tx_mac_instance/rmii_tx_mac[rmii_eth_mac_c_l58_c27_0fe6]/BIN_OP_XOR[rmii_eth_mac_h_l251_c12_ecc4]
rmii_tx_mac_instance/rmii_tx_mac[rmii_eth_mac_c_l58_c27_0fe6]/BIN_OP_XOR[rmii_eth_mac_h_l252_c12_ebd9]

BIN_OP_XOR_uint32_t_uint8_t MaxInputWidth= 32 num_instances= 2 :
BIN_OP_XOR_uint32_t_uint8_t main: rmii_tx_mac_instance MaxInputWidth= 32 num_instances= 2 :
rmii_tx_mac_instance/rmii_tx_mac[rmii_eth_mac_c_l58_c27_0fe6]/BIN_OP_XOR[rmii_eth_mac_h_l251_c35_a0bc]
rmii_tx_mac_instance/rmii_tx_mac[rmii_eth_mac_c_l58_c27_0fe6]/BIN_OP_XOR[rmii_eth_mac_h_l252_c35_3db8]

CONST_SL_8_uint16_t MaxInputWidth= 16 num_instances= 1 :
CONST_SL_8_uint16_t main: tx_main MaxInputWidth= 16 num_instances= 1 :
tx_main/eth_8_tx[ethernet_top_c_l176_c23_cc67]/CONST_SL_8[eth_8_h_l162_c26_f948]

CONST_SL_8_uint48_t MaxInputWidth= 48 num_instances= 2 :
CONST_SL_8_uint48_t main: tx_main MaxInputWidth= 48 num_instances= 2 :
tx_main/eth_8_tx[ethernet_top_c_l176_c23_cc67]/CONST_SL_8[eth_8_h_l137_c26_f515]
tx_main/eth_8_tx[ethernet_top_c_l176_c23_cc67]/CONST_SL_8[eth_8_h_l150_c24_439a]

CONST_SR_0_uint8_t MaxInputWidth= 8 num_instances= 1 :
CONST_SR_0_uint8_t main: rmii_tx_mac_instance MaxInputWidth= 8 num_instances= 1 :
rmii_tx_mac_instance/rmii_tx_mac[rmii_eth_mac_c_l58_c27_0fe6]/CONST_SR_0[rmii_eth_mac_h_l251_c42_f2d6]

CONST_SR_24_uint25_t MaxInputWidth= 25 num_instances= 1 :
CONST_SR_24_uint25_t main: blinky_main MaxInputWidth= 25 num_instances= 1 :
blinky_main/CONST_SR_24[ethernet_top_c_l209_c11_fc51]

CONST_SR_2_uint32_t MaxInputWidth= 32 num_instances= 2 :
CONST_SR_2_uint32_t main: rmii_rx_mac_instance MaxInputWidth= 32 num_instances= 1 :
rmii_rx_mac_instance/rmii_rx_mac[rmii_eth_mac_c_l24_c27_0c24]/CONST_SR_2[rmii_eth_mac_h_l96_c44_c9bb]
CONST_SR_2_uint32_t main: rmii_tx_mac_instance MaxInputWidth= 32 num_instances= 1 :
rmii_tx_mac_instance/rmii_tx_mac[rmii_eth_mac_c_l58_c27_0fe6]/CONST_SR_2[rmii_eth_mac_h_l233_c23_4388]

CONST_SR_2_uint8_t MaxInputWidth= 8 num_instances= 1 :
CONST_SR_2_uint8_t main: rmii_tx_mac_instance MaxInputWidth= 8 num_instances= 1 :
rmii_tx_mac_instance/rmii_tx_mac[rmii_eth_mac_c_l58_c27_0fe6]/CONST_SR_2[rmii_eth_mac_h_l218_c18_7f6e]

CONST_SR_4_uint32_t MaxInputWidth= 32 num_instances= 2 :
CONST_SR_4_uint32_t main: rmii_tx_mac_instance MaxInputWidth= 32 num_instances= 2 :
rmii_tx_mac_instance/rmii_tx_mac[rmii_eth_mac_c_l58_c27_0fe6]/CONST_SR_4[rmii_eth_mac_h_l251_c12_a9e0]
rmii_tx_mac_instance/rmii_tx_mac[rmii_eth_mac_c_l58_c27_0fe6]/CONST_SR_4[rmii_eth_mac_h_l252_c12_8804]

CONST_SR_4_uint8_t MaxInputWidth= 8 num_instances= 1 :
CONST_SR_4_uint8_t main: rmii_tx_mac_instance MaxInputWidth= 8 num_instances= 1 :
rmii_tx_mac_instance/rmii_tx_mac[rmii_eth_mac_c_l58_c27_0fe6]/CONST_SR_4[rmii_eth_mac_h_l252_c42_c088]

MUX_uint1_t_uint16_t_uint16_t MaxInputWidth= 16 num_instances= 6 :
MUX_uint1_t_uint16_t_uint16_t main: rx_main MaxInputWidth= 16 num_instances= 3 :
rx_main/eth_8_rx[ethernet_top_c_l115_c23_a9b0]/header_ethertype_MUX[eth_8_h_l61_c9_d24e]
rx_main/eth_8_rx[ethernet_top_c_l115_c23_a9b0]/header_ethertype_MUX[eth_8_h_l71_c9_599a]
rx_main/eth_8_rx[ethernet_top_c_l115_c23_a9b0]/header_ethertype_MUX[eth_8_h_l72_c5_a8e8]
MUX_uint1_t_uint16_t_uint16_t main: tx_main MaxInputWidth= 16 num_instances= 3 :
tx_main/eth_8_tx[ethernet_top_c_l176_c23_cc67]/header_ethertype_MUX[eth_8_h_l146_c9_c265]
tx_main/eth_8_tx[ethernet_top_c_l176_c23_cc67]/header_ethertype_MUX[eth_8_h_l158_c9_8d77]
tx_main/eth_8_tx[ethernet_top_c_l176_c23_cc67]/header_ethertype_MUX[eth_8_h_l161_c5_9bfb]

MUX_uint1_t_uint1_t_uint1_t MaxInputWidth= 1 num_instances= 51 :
MUX_uint1_t_uint1_t_uint1_t main: rmii_eth_mac_rx_fifo_wr_skid_in MaxInputWidth= 1 num_instances= 5 :
rmii_eth_mac_rx_fifo_wr_skid_in/skid_buf_rmii_eth_mac_rx_fifo[rmii_eth_mac_c_l9_c81_4ef4]/buff_valid_MUX[rmii_eth_mac_c_l9_c945_9ea8]
rmii_eth_mac_rx_fifo_wr_skid_in/skid_buf_rmii_eth_mac_rx_fifo[rmii_eth_mac_c_l9_c81_4ef4]/buff_valid_MUX[rmii_eth_mac_c_l9_c993_5c14]
rmii_eth_mac_rx_fifo_wr_skid_in/skid_buf_rmii_eth_mac_rx_fifo[rmii_eth_mac_c_l9_c81_4ef4]/output_is_skid_buff_MUX[rmii_eth_mac_c_l9_c945_9ea8]
rmii_eth_mac_rx_fifo_wr_skid_in/skid_buf_rmii_eth_mac_rx_fifo[rmii_eth_mac_c_l9_c81_4ef4]/skid_buff_valid_MUX[rmii_eth_mac_c_l9_c945_9ea8]
rmii_eth_mac_rx_fifo_wr_skid_in/skid_buf_rmii_eth_mac_rx_fifo[rmii_eth_mac_c_l9_c81_4ef4]/skid_buff_valid_MUX[rmii_eth_mac_c_l9_c993_5c14]
MUX_uint1_t_uint1_t_uint1_t main: rmii_eth_mac_tx_fifo_rd_skid_out MaxInputWidth= 1 num_instances= 5 :
rmii_eth_mac_tx_fifo_rd_skid_out/skid_buf_rmii_eth_mac_tx_fifo[rmii_eth_mac_c_l14_c82_b0ce]/buff_valid_MUX[rmii_eth_mac_c_l14_c945_05ae]
rmii_eth_mac_tx_fifo_rd_skid_out/skid_buf_rmii_eth_mac_tx_fifo[rmii_eth_mac_c_l14_c82_b0ce]/buff_valid_MUX[rmii_eth_mac_c_l14_c993_11aa]
rmii_eth_mac_tx_fifo_rd_skid_out/skid_buf_rmii_eth_mac_tx_fifo[rmii_eth_mac_c_l14_c82_b0ce]/output_is_skid_buff_MUX[rmii_eth_mac_c_l14_c945_05ae]
rmii_eth_mac_tx_fifo_rd_skid_out/skid_buf_rmii_eth_mac_tx_fifo[rmii_eth_mac_c_l14_c82_b0ce]/skid_buff_valid_MUX[rmii_eth_mac_c_l14_c945_05ae]
rmii_eth_mac_tx_fifo_rd_skid_out/skid_buf_rmii_eth_mac_tx_fifo[rmii_eth_mac_c_l14_c82_b0ce]/skid_buff_valid_MUX[rmii_eth_mac_c_l14_c993_11aa]
MUX_uint1_t_uint1_t_uint1_t main: rmii_rx_mac_instance MaxInputWidth= 1 num_instances= 15 :
rmii_rx_mac_instance/rmii_rx_mac[rmii_eth_mac_c_l24_c27_0c24]/err_MUX[rmii_eth_mac_h_l48_c3_3300]
rmii_rx_mac_instance/rmii_rx_mac[rmii_eth_mac_c_l24_c27_0c24]/err_MUX[rmii_eth_mac_h_l54_c5_d6c9]
rmii_rx_mac_instance/rmii_rx_mac[rmii_eth_mac_c_l24_c27_0c24]/err_MUX[rmii_eth_mac_h_l59_c8_625a]
rmii_rx_mac_instance/rmii_rx_mac[rmii_eth_mac_c_l24_c27_0c24]/err_MUX[rmii_eth_mac_h_l60_c5_7fb4]
rmii_rx_mac_instance/rmii_rx_mac[rmii_eth_mac_c_l24_c27_0c24]/err_MUX[rmii_eth_mac_h_l63_c10_e506]
rmii_rx_mac_instance/rmii_rx_mac[rmii_eth_mac_c_l24_c27_0c24]/last_MUX[rmii_eth_mac_h_l48_c3_3300]
rmii_rx_mac_instance/rmii_rx_mac[rmii_eth_mac_c_l24_c27_0c24]/last_MUX[rmii_eth_mac_h_l59_c8_625a]
rmii_rx_mac_instance/rmii_rx_mac[rmii_eth_mac_c_l24_c27_0c24]/last_MUX[rmii_eth_mac_h_l71_c8_3480]
rmii_rx_mac_instance/rmii_rx_mac[rmii_eth_mac_c_l24_c27_0c24]/last_MUX[rmii_eth_mac_h_l72_c5_578f]
rmii_rx_mac_instance/rmii_rx_mac[rmii_eth_mac_c_l24_c27_0c24]/last_MUX[rmii_eth_mac_h_l75_c7_81cd]
rmii_rx_mac_instance/rmii_rx_mac[rmii_eth_mac_c_l24_c27_0c24]/last_MUX[rmii_eth_mac_h_l82_c9_1581]
rmii_rx_mac_instance/rmii_rx_mac[rmii_eth_mac_c_l24_c27_0c24]/valid_MUX[rmii_eth_mac_h_l48_c3_3300]
rmii_rx_mac_instance/rmii_rx_mac[rmii_eth_mac_c_l24_c27_0c24]/valid_MUX[rmii_eth_mac_h_l59_c8_625a]
rmii_rx_mac_instance/rmii_rx_mac[rmii_eth_mac_c_l24_c27_0c24]/valid_MUX[rmii_eth_mac_h_l71_c8_3480]
rmii_rx_mac_instance/rmii_rx_mac[rmii_eth_mac_c_l24_c27_0c24]/valid_MUX[rmii_eth_mac_h_l72_c5_578f]
MUX_uint1_t_uint1_t_uint1_t main: rmii_tx_mac_instance MaxInputWidth= 1 num_instances= 10 :
rmii_tx_mac_instance/rmii_tx_mac[rmii_eth_mac_c_l58_c27_0fe6]/last_byte_reg_MUX[rmii_eth_mac_h_l167_c3_e2d6]
rmii_tx_mac_instance/rmii_tx_mac[rmii_eth_mac_c_l58_c27_0fe6]/last_byte_reg_MUX[rmii_eth_mac_h_l173_c8_8db8]
rmii_tx_mac_instance/rmii_tx_mac[rmii_eth_mac_c_l58_c27_0fe6]/last_byte_reg_MUX[rmii_eth_mac_h_l184_c8_f0ca]
rmii_tx_mac_instance/rmii_tx_mac[rmii_eth_mac_c_l58_c27_0fe6]/last_byte_reg_MUX[rmii_eth_mac_h_l194_c8_b281]
rmii_tx_mac_instance/rmii_tx_mac[rmii_eth_mac_c_l58_c27_0fe6]/last_byte_reg_MUX[rmii_eth_mac_h_l202_c5_afbc]
rmii_tx_mac_instance/rmii_tx_mac[rmii_eth_mac_c_l58_c27_0fe6]/last_byte_reg_MUX[rmii_eth_mac_h_l203_c7_c2b2]
rmii_tx_mac_instance/rmii_tx_mac[rmii_eth_mac_c_l58_c27_0fe6]/o_tx_mac_input_ready_MUX[rmii_eth_mac_h_l202_c5_afbc]
rmii_tx_mac_instance/rmii_tx_mac[rmii_eth_mac_c_l58_c27_0fe6]/o_tx_mac_input_ready_MUX[rmii_eth_mac_h_l203_c7_c2b2]
rmii_tx_mac_instance/rmii_tx_mac[rmii_eth_mac_c_l58_c27_0fe6]/o_tx_mac_output_valid_MUX[rmii_eth_mac_h_l221_c8_34c7]
rmii_tx_mac_instance/rmii_tx_mac[rmii_eth_mac_c_l58_c27_0fe6]/reset_crc_MUX[rmii_eth_mac_h_l167_c3_e2d6]
MUX_uint1_t_uint1_t_uint1_t main: rx_main MaxInputWidth= 1 num_instances= 12 :
rx_main/eth_8_rx[ethernet_top_c_l115_c23_a9b0]/o_frame_data_start_of_payload_MUX[eth_8_h_l51_c3_9dc8]
rx_main/eth_8_rx[ethernet_top_c_l115_c23_a9b0]/o_frame_data_start_of_payload_MUX[eth_8_h_l61_c9_d24e]
rx_main/eth_8_rx[ethernet_top_c_l115_c23_a9b0]/o_frame_data_start_of_payload_MUX[eth_8_h_l71_c9_599a]
rx_main/eth_8_rx[ethernet_top_c_l115_c23_a9b0]/o_frame_data_start_of_payload_MUX[eth_8_h_l83_c8_3f60]
rx_main/eth_8_rx[ethernet_top_c_l115_c23_a9b0]/o_frame_valid_MUX[eth_8_h_l51_c3_9dc8]
rx_main/eth_8_rx[ethernet_top_c_l115_c23_a9b0]/o_frame_valid_MUX[eth_8_h_l61_c9_d24e]
rx_main/eth_8_rx[ethernet_top_c_l115_c23_a9b0]/o_frame_valid_MUX[eth_8_h_l71_c9_599a]
rx_main/eth_8_rx[ethernet_top_c_l115_c23_a9b0]/o_frame_valid_MUX[eth_8_h_l83_c8_3f60]
rx_main/eth_8_rx[ethernet_top_c_l115_c23_a9b0]/o_overflow_MUX[eth_8_h_l51_c3_9dc8]
rx_main/eth_8_rx[ethernet_top_c_l115_c23_a9b0]/o_overflow_MUX[eth_8_h_l61_c9_d24e]
rx_main/eth_8_rx[ethernet_top_c_l115_c23_a9b0]/o_overflow_MUX[eth_8_h_l71_c9_599a]
rx_main/eth_8_rx[ethernet_top_c_l115_c23_a9b0]/o_overflow_MUX[eth_8_h_l83_c8_3f60]
MUX_uint1_t_uint1_t_uint1_t main: tx_main MaxInputWidth= 1 num_instances= 4 :
tx_main/eth_8_tx[ethernet_top_c_l176_c23_cc67]/MUX[eth_8_h_l176_c29_102c]
tx_main/eth_8_tx[ethernet_top_c_l176_c23_cc67]/o_mac_axis_data_tlast_MUX[eth_8_h_l195_c8_0893]
tx_main/eth_8_tx[ethernet_top_c_l176_c23_cc67]/o_mac_axis_valid_MUX[eth_8_h_l130_c5_56e3]
tx_main/eth_8_tx[ethernet_top_c_l176_c23_cc67]/o_mac_axis_valid_MUX[eth_8_h_l195_c8_0893]

MUX_uint1_t_uint2_t_uint2_t MaxInputWidth= 2 num_instances= 7 :
MUX_uint1_t_uint2_t_uint2_t main: rmii_rx_mac_instance MaxInputWidth= 2 num_instances= 6 :
rmii_rx_mac_instance/rmii_rx_mac[rmii_eth_mac_c_l24_c27_0c24]/byte_counter_MUX[rmii_eth_mac_h_l48_c3_3300]
rmii_rx_mac_instance/rmii_rx_mac[rmii_eth_mac_c_l24_c27_0c24]/byte_counter_MUX[rmii_eth_mac_h_l59_c8_625a]
rmii_rx_mac_instance/rmii_rx_mac[rmii_eth_mac_c_l24_c27_0c24]/byte_counter_MUX[rmii_eth_mac_h_l71_c8_3480]
rmii_rx_mac_instance/rmii_rx_mac[rmii_eth_mac_c_l24_c27_0c24]/byte_counter_MUX[rmii_eth_mac_h_l93_c8_01d9]
rmii_rx_mac_instance/rmii_rx_mac[rmii_eth_mac_c_l24_c27_0c24]/byte_counter_MUX[rmii_eth_mac_h_l98_c5_b939]
rmii_rx_mac_instance/rmii_rx_mac[rmii_eth_mac_c_l24_c27_0c24]/byte_counter_MUX[rmii_eth_mac_h_l99_c7_ca27]
MUX_uint1_t_uint2_t_uint2_t main: rmii_tx_mac_instance MaxInputWidth= 2 num_instances= 1 :
rmii_tx_mac_instance/rmii_tx_mac[rmii_eth_mac_c_l58_c27_0fe6]/o_tx_mac_output_data_MUX[rmii_eth_mac_h_l221_c8_34c7]

MUX_uint1_t_uint32_t_uint32_t MaxInputWidth= 32 num_instances= 12 :
MUX_uint1_t_uint32_t_uint32_t main: rmii_rx_mac_instance MaxInputWidth= 32 num_instances= 4 :
rmii_rx_mac_instance/rmii_rx_mac[rmii_eth_mac_c_l24_c27_0c24]/fcs_reg_MUX[rmii_eth_mac_h_l48_c3_3300]
rmii_rx_mac_instance/rmii_rx_mac[rmii_eth_mac_c_l24_c27_0c24]/fcs_reg_MUX[rmii_eth_mac_h_l59_c8_625a]
rmii_rx_mac_instance/rmii_rx_mac[rmii_eth_mac_c_l24_c27_0c24]/fcs_reg_MUX[rmii_eth_mac_h_l71_c8_3480]
rmii_rx_mac_instance/rmii_rx_mac[rmii_eth_mac_c_l24_c27_0c24]/fcs_reg_MUX[rmii_eth_mac_h_l93_c8_01d9]
MUX_uint1_t_uint32_t_uint32_t main: rmii_tx_mac_instance MaxInputWidth= 32 num_instances= 8 :
rmii_tx_mac_instance/rmii_tx_mac[rmii_eth_mac_c_l58_c27_0fe6]/crc_MUX[rmii_eth_mac_h_l250_c3_5c7a]
rmii_tx_mac_instance/rmii_tx_mac[rmii_eth_mac_c_l58_c27_0fe6]/crc_MUX[rmii_eth_mac_h_l254_c3_57a4]
rmii_tx_mac_instance/rmii_tx_mac[rmii_eth_mac_c_l58_c27_0fe6]/crc_shift_reg_MUX[rmii_eth_mac_h_l167_c3_e2d6]
rmii_tx_mac_instance/rmii_tx_mac[rmii_eth_mac_c_l58_c27_0fe6]/crc_shift_reg_MUX[rmii_eth_mac_h_l173_c8_8db8]
rmii_tx_mac_instance/rmii_tx_mac[rmii_eth_mac_c_l58_c27_0fe6]/crc_shift_reg_MUX[rmii_eth_mac_h_l184_c8_f0ca]
rmii_tx_mac_instance/rmii_tx_mac[rmii_eth_mac_c_l58_c27_0fe6]/crc_shift_reg_MUX[rmii_eth_mac_h_l194_c8_b281]
rmii_tx_mac_instance/rmii_tx_mac[rmii_eth_mac_c_l58_c27_0fe6]/crc_shift_reg_MUX[rmii_eth_mac_h_l221_c8_34c7]
rmii_tx_mac_instance/rmii_tx_mac[rmii_eth_mac_c_l58_c27_0fe6]/crc_shift_reg_MUX[rmii_eth_mac_h_l226_c5_5276]

MUX_uint1_t_uint3_t_uint3_t MaxInputWidth= 3 num_instances= 21 :
MUX_uint1_t_uint3_t_uint3_t main: rmii_rx_mac_instance MaxInputWidth= 3 num_instances= 8 :
rmii_rx_mac_instance/rmii_rx_mac[rmii_eth_mac_c_l24_c27_0c24]/bit_counter_MUX[rmii_eth_mac_h_l48_c3_3300]
rmii_rx_mac_instance/rmii_rx_mac[rmii_eth_mac_c_l24_c27_0c24]/bit_counter_MUX[rmii_eth_mac_h_l59_c8_625a]
rmii_rx_mac_instance/rmii_rx_mac[rmii_eth_mac_c_l24_c27_0c24]/bit_counter_MUX[rmii_eth_mac_h_l71_c8_3480]
rmii_rx_mac_instance/rmii_rx_mac[rmii_eth_mac_c_l24_c27_0c24]/bit_counter_MUX[rmii_eth_mac_h_l72_c5_578f]
rmii_rx_mac_instance/rmii_rx_mac[rmii_eth_mac_c_l24_c27_0c24]/bit_counter_MUX[rmii_eth_mac_h_l75_c7_81cd]
rmii_rx_mac_instance/rmii_rx_mac[rmii_eth_mac_c_l24_c27_0c24]/bit_counter_MUX[rmii_eth_mac_h_l82_c9_1581]
rmii_rx_mac_instance/rmii_rx_mac[rmii_eth_mac_c_l24_c27_0c24]/bit_counter_MUX[rmii_eth_mac_h_l93_c8_01d9]
rmii_rx_mac_instance/rmii_rx_mac[rmii_eth_mac_c_l24_c27_0c24]/bit_counter_MUX[rmii_eth_mac_h_l98_c5_b939]
MUX_uint1_t_uint3_t_uint3_t main: rx_main MaxInputWidth= 3 num_instances= 13 :
rx_main/eth_8_rx[ethernet_top_c_l115_c23_a9b0]/counter_MUX[eth_8_h_l51_c3_9dc8]
rx_main/eth_8_rx[ethernet_top_c_l115_c23_a9b0]/counter_MUX[eth_8_h_l52_c5_5ea5]
rx_main/eth_8_rx[ethernet_top_c_l115_c23_a9b0]/counter_MUX[eth_8_h_l54_c7_6adc]
rx_main/eth_8_rx[ethernet_top_c_l115_c23_a9b0]/counter_MUX[eth_8_h_l61_c9_d24e]
rx_main/eth_8_rx[ethernet_top_c_l115_c23_a9b0]/counter_MUX[eth_8_h_l62_c5_5667]
rx_main/eth_8_rx[ethernet_top_c_l115_c23_a9b0]/counter_MUX[eth_8_h_l64_c7_c33a]
rx_main/eth_8_rx[ethernet_top_c_l115_c23_a9b0]/counter_MUX[eth_8_h_l71_c9_599a]
rx_main/eth_8_rx[ethernet_top_c_l115_c23_a9b0]/counter_MUX[eth_8_h_l72_c5_a8e8]
rx_main/eth_8_rx[ethernet_top_c_l115_c23_a9b0]/counter_MUX[eth_8_h_l74_c7_d24a]
rx_main/eth_8_rx[ethernet_top_c_l115_c23_a9b0]/counter_MUX[eth_8_h_l83_c8_3f60]
rx_main/eth_8_rx[ethernet_top_c_l115_c23_a9b0]/counter_MUX[eth_8_h_l90_c5_a12c]
rx_main/eth_8_rx[ethernet_top_c_l115_c23_a9b0]/counter_MUX[eth_8_h_l91_c7_a691]
rx_main/eth_8_rx[ethernet_top_c_l115_c23_a9b0]/counter_MUX[eth_8_h_l94_c7_5306]

MUX_uint1_t_uint48_t_uint48_t MaxInputWidth= 48 num_instances= 6 :
MUX_uint1_t_uint48_t_uint48_t main: rx_main MaxInputWidth= 48 num_instances= 3 :
rx_main/eth_8_rx[ethernet_top_c_l115_c23_a9b0]/header_dst_mac_MUX[eth_8_h_l52_c5_5ea5]
rx_main/eth_8_rx[ethernet_top_c_l115_c23_a9b0]/header_src_mac_MUX[eth_8_h_l61_c9_d24e]
rx_main/eth_8_rx[ethernet_top_c_l115_c23_a9b0]/header_src_mac_MUX[eth_8_h_l62_c5_5667]
MUX_uint1_t_uint48_t_uint48_t main: tx_main MaxInputWidth= 48 num_instances= 3 :
tx_main/eth_8_tx[ethernet_top_c_l176_c23_cc67]/header_dst_mac_MUX[eth_8_h_l136_c7_da1f]
tx_main/eth_8_tx[ethernet_top_c_l176_c23_cc67]/header_src_mac_MUX[eth_8_h_l146_c9_c265]
tx_main/eth_8_tx[ethernet_top_c_l176_c23_cc67]/header_src_mac_MUX[eth_8_h_l149_c5_00b7]

MUX_uint1_t_uint6_t_uint6_t MaxInputWidth= 6 num_instances= 27 :
MUX_uint1_t_uint6_t_uint6_t main: rmii_tx_mac_instance MaxInputWidth= 6 num_instances= 9 :
rmii_tx_mac_instance/rmii_tx_mac[rmii_eth_mac_c_l58_c27_0fe6]/bit_counter_MUX[rmii_eth_mac_h_l167_c3_e2d6]
rmii_tx_mac_instance/rmii_tx_mac[rmii_eth_mac_c_l58_c27_0fe6]/bit_counter_MUX[rmii_eth_mac_h_l173_c8_8db8]
rmii_tx_mac_instance/rmii_tx_mac[rmii_eth_mac_c_l58_c27_0fe6]/bit_counter_MUX[rmii_eth_mac_h_l176_c5_7f61]
rmii_tx_mac_instance/rmii_tx_mac[rmii_eth_mac_c_l58_c27_0fe6]/bit_counter_MUX[rmii_eth_mac_h_l184_c8_f0ca]
rmii_tx_mac_instance/rmii_tx_mac[rmii_eth_mac_c_l58_c27_0fe6]/bit_counter_MUX[rmii_eth_mac_h_l194_c8_b281]
rmii_tx_mac_instance/rmii_tx_mac[rmii_eth_mac_c_l58_c27_0fe6]/bit_counter_MUX[rmii_eth_mac_h_l202_c5_afbc]
rmii_tx_mac_instance/rmii_tx_mac[rmii_eth_mac_c_l58_c27_0fe6]/bit_counter_MUX[rmii_eth_mac_h_l203_c7_c2b2]
rmii_tx_mac_instance/rmii_tx_mac[rmii_eth_mac_c_l58_c27_0fe6]/bit_counter_MUX[rmii_eth_mac_h_l221_c8_34c7]
rmii_tx_mac_instance/rmii_tx_mac[rmii_eth_mac_c_l58_c27_0fe6]/bit_counter_MUX[rmii_eth_mac_h_l226_c5_5276]
MUX_uint1_t_uint6_t_uint6_t main: tx_main MaxInputWidth= 6 num_instances= 18 :
tx_main/eth_8_tx[ethernet_top_c_l176_c23_cc67]/counter_MUX[eth_8_h_l128_c3_78c9]
tx_main/eth_8_tx[ethernet_top_c_l176_c23_cc67]/counter_MUX[eth_8_h_l130_c5_56e3]
tx_main/eth_8_tx[ethernet_top_c_l176_c23_cc67]/counter_MUX[eth_8_h_l136_c7_da1f]
tx_main/eth_8_tx[ethernet_top_c_l176_c23_cc67]/counter_MUX[eth_8_h_l138_c9_eed8]
tx_main/eth_8_tx[ethernet_top_c_l176_c23_cc67]/counter_MUX[eth_8_h_l146_c9_c265]
tx_main/eth_8_tx[ethernet_top_c_l176_c23_cc67]/counter_MUX[eth_8_h_l149_c5_00b7]
tx_main/eth_8_tx[ethernet_top_c_l176_c23_cc67]/counter_MUX[eth_8_h_l151_c7_1168]
tx_main/eth_8_tx[ethernet_top_c_l176_c23_cc67]/counter_MUX[eth_8_h_l158_c9_8d77]
tx_main/eth_8_tx[ethernet_top_c_l176_c23_cc67]/counter_MUX[eth_8_h_l161_c5_9bfb]
tx_main/eth_8_tx[ethernet_top_c_l176_c23_cc67]/counter_MUX[eth_8_h_l163_c7_5370]
tx_main/eth_8_tx[ethernet_top_c_l176_c23_cc67]/counter_MUX[eth_8_h_l172_c8_a00c]
tx_main/eth_8_tx[ethernet_top_c_l176_c23_cc67]/counter_MUX[eth_8_h_l179_c5_63d0]
tx_main/eth_8_tx[ethernet_top_c_l176_c23_cc67]/counter_MUX[eth_8_h_l180_c7_b711]
tx_main/eth_8_tx[ethernet_top_c_l176_c23_cc67]/counter_MUX[eth_8_h_l182_c9_082a]
tx_main/eth_8_tx[ethernet_top_c_l176_c23_cc67]/counter_MUX[eth_8_h_l189_c7_0326]
tx_main/eth_8_tx[ethernet_top_c_l176_c23_cc67]/counter_MUX[eth_8_h_l195_c8_0893]
tx_main/eth_8_tx[ethernet_top_c_l176_c23_cc67]/counter_MUX[eth_8_h_l199_c5_3505]
tx_main/eth_8_tx[ethernet_top_c_l176_c23_cc67]/counter_MUX[eth_8_h_l201_c7_3527]

MUX_uint1_t_uint8_t_uint8_t MaxInputWidth= 8 num_instances= 11 :
MUX_uint1_t_uint8_t_uint8_t main: rmii_rx_mac_instance MaxInputWidth= 8 num_instances= 5 :
rmii_rx_mac_instance/rmii_rx_mac[rmii_eth_mac_c_l24_c27_0c24]/data_out_reg_MUX[rmii_eth_mac_h_l48_c3_3300]
rmii_rx_mac_instance/rmii_rx_mac[rmii_eth_mac_c_l24_c27_0c24]/data_out_reg_MUX[rmii_eth_mac_h_l59_c8_625a]
rmii_rx_mac_instance/rmii_rx_mac[rmii_eth_mac_c_l24_c27_0c24]/data_out_reg_MUX[rmii_eth_mac_h_l71_c8_3480]
rmii_rx_mac_instance/rmii_rx_mac[rmii_eth_mac_c_l24_c27_0c24]/data_out_reg_MUX[rmii_eth_mac_h_l72_c5_578f]
rmii_rx_mac_instance/rmii_rx_mac[rmii_eth_mac_c_l24_c27_0c24]/data_out_reg_MUX[rmii_eth_mac_h_l93_c8_01d9]
MUX_uint1_t_uint8_t_uint8_t main: rmii_tx_mac_instance MaxInputWidth= 8 num_instances= 6 :
rmii_tx_mac_instance/rmii_tx_mac[rmii_eth_mac_c_l58_c27_0fe6]/data_reg_MUX[rmii_eth_mac_h_l167_c3_e2d6]
rmii_tx_mac_instance/rmii_tx_mac[rmii_eth_mac_c_l58_c27_0fe6]/data_reg_MUX[rmii_eth_mac_h_l173_c8_8db8]
rmii_tx_mac_instance/rmii_tx_mac[rmii_eth_mac_c_l58_c27_0fe6]/data_reg_MUX[rmii_eth_mac_h_l184_c8_f0ca]
rmii_tx_mac_instance/rmii_tx_mac[rmii_eth_mac_c_l58_c27_0fe6]/data_reg_MUX[rmii_eth_mac_h_l194_c8_b281]
rmii_tx_mac_instance/rmii_tx_mac[rmii_eth_mac_c_l58_c27_0fe6]/data_reg_MUX[rmii_eth_mac_h_l202_c5_afbc]
rmii_tx_mac_instance/rmii_tx_mac[rmii_eth_mac_c_l58_c27_0fe6]/data_reg_MUX[rmii_eth_mac_h_l203_c7_c2b2]

UNARY_OP_NOT_uint1_t MaxInputWidth= 1 num_instances= 11 :
UNARY_OP_NOT_uint1_t main: rmii_eth_mac_rx_fifo_wr_skid_in MaxInputWidth= 1 num_instances= 4 :
rmii_eth_mac_rx_fifo_wr_skid_in/skid_buf_rmii_eth_mac_rx_fifo[rmii_eth_mac_c_l9_c81_4ef4]/UNARY_OP_NOT[rmii_eth_mac_c_l9_c1087_9bb1]
rmii_eth_mac_rx_fifo_wr_skid_in/skid_buf_rmii_eth_mac_rx_fifo[rmii_eth_mac_c_l9_c81_4ef4]/UNARY_OP_NOT[rmii_eth_mac_c_l9_c757_9418]
rmii_eth_mac_rx_fifo_wr_skid_in/skid_buf_rmii_eth_mac_rx_fifo[rmii_eth_mac_c_l9_c81_4ef4]/UNARY_OP_NOT[rmii_eth_mac_c_l9_c822_dad5]
rmii_eth_mac_rx_fifo_wr_skid_in/skid_buf_rmii_eth_mac_rx_fifo[rmii_eth_mac_c_l9_c81_4ef4]/UNARY_OP_NOT[rmii_eth_mac_c_l9_c949_2309]
UNARY_OP_NOT_uint1_t main: rmii_eth_mac_tx_fifo_rd_skid_out MaxInputWidth= 1 num_instances= 4 :
rmii_eth_mac_tx_fifo_rd_skid_out/skid_buf_rmii_eth_mac_tx_fifo[rmii_eth_mac_c_l14_c82_b0ce]/UNARY_OP_NOT[rmii_eth_mac_c_l14_c1087_ae3e]
rmii_eth_mac_tx_fifo_rd_skid_out/skid_buf_rmii_eth_mac_tx_fifo[rmii_eth_mac_c_l14_c82_b0ce]/UNARY_OP_NOT[rmii_eth_mac_c_l14_c757_aafc]
rmii_eth_mac_tx_fifo_rd_skid_out/skid_buf_rmii_eth_mac_tx_fifo[rmii_eth_mac_c_l14_c82_b0ce]/UNARY_OP_NOT[rmii_eth_mac_c_l14_c822_5f61]
rmii_eth_mac_tx_fifo_rd_skid_out/skid_buf_rmii_eth_mac_tx_fifo[rmii_eth_mac_c_l14_c82_b0ce]/UNARY_OP_NOT[rmii_eth_mac_c_l14_c949_3cbd]
UNARY_OP_NOT_uint1_t main: rmii_rx_mac_instance MaxInputWidth= 1 num_instances= 1 :
rmii_rx_mac_instance/rmii_rx_mac[rmii_eth_mac_c_l24_c27_0c24]/UNARY_OP_NOT[rmii_eth_mac_h_l82_c13_4123]
UNARY_OP_NOT_uint1_t main: rx_main MaxInputWidth= 1 num_instances= 1 :
rx_main/eth_8_rx[ethernet_top_c_l115_c23_a9b0]/UNARY_OP_NOT[eth_8_h_l89_c35_8ad5]
UNARY_OP_NOT_uint1_t main: tx_main MaxInputWidth= 1 num_instances= 1 :
tx_main/eth_8_tx[ethernet_top_c_l176_c23_cc67]/UNARY_OP_NOT[eth_8_h_l197_c30_5a56]

VAR_REF_RD_uint32_t_uint32_t_16_VAR_7a60 MaxInputWidth= 32 num_instances= 2 :
VAR_REF_RD_uint32_t_uint32_t_16_VAR_7a60 main: rmii_tx_mac_instance MaxInputWidth= 32 num_instances= 2 :
rmii_tx_mac_instance/rmii_tx_mac[rmii_eth_mac_c_l58_c27_0fe6]/VAR_REF_RD_uint32_t_uint32_t_16_VAR_7a60[rmii_eth_mac_h_l251_c24_e1eb]
rmii_tx_mac_instance/rmii_tx_mac[rmii_eth_mac_c_l58_c27_0fe6]/VAR_REF_RD_uint32_t_uint32_t_16_VAR_7a60[rmii_eth_mac_h_l252_c24_ccfd]

